<?xml version="1.0" encoding="UTF-8"?>
<testsuite name="services.EventServiceTest" tests="5" skipped="0" failures="0" errors="0" timestamp="2022-11-02T22:31:03" hostname="DESKTOP-M0ES806" time="0.037">
  <properties/>
  <testcase name="resolveEventsTest_CorrectValues_DifferentOrder()" classname="services.EventServiceTest" time="0.028"/>
  <testcase name="resolveEventsTest_MergeTwoDifferentEvents()" classname="services.EventServiceTest" time="0.004"/>
  <testcase name="resolveEventsTest_CorrectValues()" classname="services.EventServiceTest" time="0.0"/>
  <testcase name="resolveEventsTest_WrongValues()" classname="services.EventServiceTest" time="0.001"/>
  <testcase name="resolveEventsTest_MergeTwoNotes_NoDuplication()" classname="services.EventServiceTest" time="0.001"/>
  <system-out><![CDATA[]]></system-out>
  <system-err><![CDATA[]]></system-err>
</testsuite>
